Build started 1/17/2012 6:41:08 PM.
     1>Project "C:\Users\steventrouble\Documents\Visual Studio 2010\Projects\slotba\slotba\slotba.vcxproj" on node 2 (build target(s)).
     1>PrepareForBuild:
         Creating directory "C:\Users\steventrouble\Documents\Visual Studio 2010\Projects\slotba\Release\".
       InitializeBuildStatus:
         Creating "Release\slotba.unsuccessfulbuild" because "AlwaysCreate" was specified.
       ClCompile:
         c:\Program Files (x86)\Microsoft Visual Studio 10.0\VC\bin\CL.exe /c /Zi /nologo /W3 /WX- /O2 /Oi /Oy- /GL /D _MBCS /Gm- /EHsc /MD /GS /Gy /fp:precise /Zc:wchar_t /Zc:forScope /Fo"Release\\" /Fd"Release\vc100.pdb" /Gd /TP /analyze- /errorReport:prompt SConsole.cpp SConsoleFont.cpp
         SConsole.cpp
     1>SConsole.cpp(89): warning C4244: 'initializing' : conversion from 'double' to 'float', possible loss of data
     1>SConsole.cpp(90): warning C4244: 'initializing' : conversion from 'double' to 'float', possible loss of data
     1>SConsole.cpp(123): warning C4244: '=' : conversion from 'int' to 'float', possible loss of data
     1>SConsole.cpp(124): warning C4244: '=' : conversion from 'int' to 'float', possible loss of data
     1>SConsole.cpp(125): warning C4244: '=' : conversion from 'double' to 'float', possible loss of data
     1>SConsole.cpp(126): warning C4244: '=' : conversion from 'double' to 'float', possible loss of data
         SConsoleFont.cpp
       Link:
         c:\Program Files (x86)\Microsoft Visual Studio 10.0\VC\bin\link.exe /ERRORREPORT:PROMPT /OUT:"C:\Users\steventrouble\Documents\Visual Studio 2010\Projects\slotba\Release\slotba.exe" /NOLOGO kernel32.lib user32.lib gdi32.lib winspool.lib comdlg32.lib advapi32.lib shell32.lib ole32.lib oleaut32.lib uuid.lib odbc32.lib odbccp32.lib /MANIFEST /ManifestFile:"Release\slotba.exe.intermediate.manifest" /MANIFESTUAC:"level='asInvoker' uiAccess='false'" /DEBUG /PDB:"C:\Users\steventrouble\Documents\Visual Studio 2010\Projects\slotba\Release\slotba.pdb" /OPT:REF /OPT:ICF /LTCG /TLBID:1 /DYNAMICBASE /NXCOMPAT /IMPLIB:"C:\Users\steventrouble\Documents\Visual Studio 2010\Projects\slotba\Release\slotba.lib" /MACHINE:X86 Release\SConsole.obj
         Release\SConsoleFont.obj
     1>SConsole.obj : error LNK2001: unresolved external symbol _glfwInit
     1>SConsole.obj : error LNK2001: unresolved external symbol __imp__glClearColor@16
     1>SConsole.obj : error LNK2001: unresolved external symbol _glfwGetKey
     1>SConsole.obj : error LNK2001: unresolved external symbol _glfwSwapInterval
     1>SConsole.obj : error LNK2001: unresolved external symbol _glfwCloseWindow
     1>SConsole.obj : error LNK2001: unresolved external symbol __imp__glOrtho@48
     1>SConsole.obj : error LNK2001: unresolved external symbol _glfwOpenWindow
     1>SConsole.obj : error LNK2001: unresolved external symbol _glfwSwapBuffers
     1>SConsole.obj : error LNK2001: unresolved external symbol _glfwPollEvents
     1>SConsole.obj : error LNK2001: unresolved external symbol __imp__glEnable@4
     1>SConsole.obj : error LNK2001: unresolved external symbol _glfwTerminate
     1>SConsole.obj : error LNK2001: unresolved external symbol _glfwSetWindowTitle
     1>SConsoleFont.obj : error LNK2001: unresolved external symbol __imp__glDeleteTextures@8
     1>SConsoleFont.obj : error LNK2001: unresolved external symbol __imp__glVertex2f@8
     1>SConsoleFont.obj : error LNK2001: unresolved external symbol _glfwLoadTexture2D
     1>SConsoleFont.obj : error LNK2001: unresolved external symbol __imp__glTexParameterf@12
     1>SConsoleFont.obj : error LNK2001: unresolved external symbol __imp__glTexCoord2f@8
     1>SConsoleFont.obj : error LNK2001: unresolved external symbol __imp__glEnd@0
     1>SConsoleFont.obj : error LNK2001: unresolved external symbol __imp__glBindTexture@8
     1>SConsoleFont.obj : error LNK2001: unresolved external symbol __imp__glVertex2i@8
     1>SConsoleFont.obj : error LNK2001: unresolved external symbol __imp__glBegin@4
     1>SConsoleFont.obj : error LNK2001: unresolved external symbol __imp__glTexEnvf@12
     1>SConsoleFont.obj : error LNK2001: unresolved external symbol __imp__glGenTextures@8
     1>SConsoleFont.obj : error LNK2001: unresolved external symbol __imp__glColor3f@12
     1>C:\Users\steventrouble\Documents\Visual Studio 2010\Projects\slotba\Release\slotba.exe : fatal error LNK1120: 24 unresolved externals
     1>Done Building Project "C:\Users\steventrouble\Documents\Visual Studio 2010\Projects\slotba\slotba\slotba.vcxproj" (build target(s)) -- FAILED.

Build FAILED.

Time Elapsed 00:00:00.78
